<?xml version="1.0" encoding="UTF-8"?>
<!-- Generated by org.testng.reporters.JUnitReportReporter -->
<testsuite hostname="DESKTOP-I59386F" failures="0" tests="2" name="com.ExpData.DemoFramwork.DemoFramework" time="0.013" errors="0" timestamp="2022-08-05T16:09:46 IST" skipped="0">
  <testcase classname="com.ExpData.DemoFramwork.DemoFramework" name="tc2" time="0.004"/>
  <system-out>
    <![CDATA[Tc2 Pass]]>
  </system-out>
  <testcase classname="com.ExpData.DemoFramwork.DemoFramework" name="tc1" time="0.009"/>
  <system-out>
    <![CDATA[Tc1 Pass]]>
  </system-out>
</testsuite> <!-- com.ExpData.DemoFramwork.DemoFramework -->
