<?xml version="1.0" encoding="UTF-8"?>
<!-- Generated by org.testng.reporters.JUnitReportReporter -->
<testsuite hostname="DESKTOP-I59386F" failures="0" tests="1" name="PomObject.Actiloginpom" time="27.529" errors="0" timestamp="2022-08-11T16:42:46 IST" skipped="0">
  <testcase classname="PomObject.Actiloginpom" name="loginactitime" time="27.529"/>
  <system-out/>
</testsuite> <!-- PomObject.Actiloginpom -->
