<?xml version="1.0" encoding="UTF-8"?>
<!-- Generated by org.testng.reporters.JUnitReportReporter -->
<testsuite hostname="DESKTOP-I59386F" failures="0" tests="1" name="com.ExpData.BasicCases.Case1" time="0.015" errors="0" timestamp="2022-08-03T17:33:56 IST" skipped="0">
  <testcase classname="com.ExpData.BasicCases.Case1" name="m1" time="0.015"/>
  <system-out/>
</testsuite> <!-- com.ExpData.BasicCases.Case1 -->
