<?xml version="1.0" encoding="UTF-8"?>
<!-- Generated by org.testng.reporters.JUnitReportReporter -->
<testsuite hostname="DESKTOP-I59386F" failures="0" tests="3" name="com.geniric.DataProviderclass" time="55.210" errors="0" timestamp="2022-08-10T16:52:50 IST" skipped="0">
  <testcase classname="com.geniric.DataProviderclass" name="dataProvider" time="19.955"/>
  <system-out/>
  <testcase classname="com.geniric.DataProviderclass" name="dataProvider" time="18.775"/>
  <system-out/>
  <testcase classname="com.geniric.DataProviderclass" name="dataProvider" time="16.480"/>
  <system-out/>
</testsuite> <!-- com.geniric.DataProviderclass -->
