<?xml version="1.0" encoding="UTF-8"?>
<!-- Generated by org.testng.reporters.JUnitReportReporter -->
<testsuite hostname="DESKTOP-I59386F" failures="0" tests="2" name="browsers.JavaProject" time="0.010" errors="0" timestamp="2022-08-08T14:16:26 IST" skipped="0">
  <testcase classname="browsers.JavaProject" name="m1" time="0.001"/>
  <system-out/>
  <testcase classname="browsers.JavaProject" name="m1" time="0.009"/>
  <system-out/>
</testsuite> <!-- browsers.JavaProject -->
