<?xml version="1.0" encoding="UTF-8"?>
<!-- Generated by org.testng.reporters.JUnitReportReporter -->
<testsuite hostname="DESKTOP-I59386F" failures="0" tests="1" name="com.ExpData.TestCases.TestCase1" time="13.193" errors="0" timestamp="2022-12-13T13:04:48 IST" skipped="0">
  <testcase classname="com.ExpData.TestCases.TestCase1" name="tc1" time="13.193"/>
  <system-out>
    <![CDATA[Test Case Numbertc1started
Test Case Numbertc1Executed]]>
  </system-out>
</testsuite> <!-- com.ExpData.TestCases.TestCase1 -->
